<?xml version="1.0" encoding="UTF-8"?>
<testng-results ignored="0" total="1" passed="1" failed="0" skipped="0">
  <reporter-output>
  </reporter-output>
  <suite started-at="2024-06-12T22:36:26 IST" name="Default suite" finished-at="2024-06-12T22:36:49 IST" duration-ms="22852">
    <groups>
    </groups>
    <test started-at="2024-06-12T22:36:26 IST" name="Default test" finished-at="2024-06-12T22:36:49 IST" duration-ms="22852">
      <class name="Web.Testmethodclass">
        <test-method signature="testlogin()[pri:0, instance:Web.Testmethodclass@3ba9ad43]" started-at="2024-06-12T22:36:26 IST" name="testlogin" finished-at="2024-06-12T22:36:49 IST" duration-ms="22816" status="PASS">
          <reporter-output>
          </reporter-output>
        </test-method> <!-- testlogin -->
      </class> <!-- Web.Testmethodclass -->
    </test> <!-- Default test -->
  </suite> <!-- Default suite -->
</testng-results>
